[2020-12-28 11:34:09] laravel.EMERGENCY: Unable to create configured logger. Using emergency logger. {"exception":"[object] (InvalidArgumentException(code: 0): Log [] is not defined. at H:\\Server\\laragon\\www\\spondon\\digital\\vendor\\laravel\\framework\\src\\Illuminate\\Log\\LogManager.php:192)
[stacktrace]
#0 H:\\Server\\laragon\\www\\spondon\\digital\\vendor\\laravel\\framework\\src\\Illuminate\\Log\\LogManager.php(118): Illuminate\\Log\\LogManager->resolve(NULL)
#1 H:\\Server\\laragon\\www\\spondon\\digital\\vendor\\laravel\\framework\\src\\Illuminate\\Log\\LogManager.php(98): Illuminate\\Log\\LogManager->get(NULL)
#2 H:\\Server\\laragon\\www\\spondon\\digital\\vendor\\laravel\\framework\\src\\Illuminate\\Log\\LogManager.php(547): Illuminate\\Log\\LogManager->driver()
#3 H:\\Server\\laragon\\www\\spondon\\digital\\vendor\\laravel\\framework\\src\\Illuminate\\Foundation\\Exceptions\\Handler.php(238): Illuminate\\Log\\LogManager->error('syntax error, u...', Array)
#4 H:\\Server\\laragon\\www\\spondon\\digital\\app\\Exceptions\\Handler.php(38): Illuminate\\Foundation\\Exceptions\\Handler->report(Object(ParseError))
#5 H:\\Server\\laragon\\www\\spondon\\digital\\vendor\\laravel\\framework\\src\\Illuminate\\Foundation\\Console\\Kernel.php(366): App\\Exceptions\\Handler->report(Object(ParseError))
#6 H:\\Server\\laragon\\www\\spondon\\digital\\vendor\\laravel\\framework\\src\\Illuminate\\Foundation\\Console\\Kernel.php(131): Illuminate\\Foundation\\Console\\Kernel->reportException(Object(ParseError))
#7 H:\\Server\\laragon\\www\\spondon\\digital\\artisan(37): Illuminate\\Foundation\\Console\\Kernel->handle(Object(Symfony\\Component\\Console\\Input\\ArgvInput), Object(Symfony\\Component\\Console\\Output\\ConsoleOutput))
#8 {main}
"} 
[2020-12-28 11:34:09] laravel.ERROR: syntax error, unexpected 'Barryvdh' (T_STRING), expecting ']' {"exception":"[object] (ParseError(code: 0): syntax error, unexpected 'Barryvdh' (T_STRING), expecting ']' at H:\\Server\\laragon\\www\\spondon\\digital\\config\\app.php:181)
[stacktrace]
#0 H:\\Server\\laragon\\www\\spondon\\digital\\vendor\\laravel\\framework\\src\\Illuminate\\Foundation\\Bootstrap\\LoadConfiguration.php(39): Illuminate\\Foundation\\Bootstrap\\LoadConfiguration->loadConfigurationFiles(Object(Illuminate\\Foundation\\Application), Object(Illuminate\\Config\\Repository))
#1 H:\\Server\\laragon\\www\\spondon\\digital\\vendor\\laravel\\framework\\src\\Illuminate\\Foundation\\Application.php(230): Illuminate\\Foundation\\Bootstrap\\LoadConfiguration->bootstrap(Object(Illuminate\\Foundation\\Application))
#2 H:\\Server\\laragon\\www\\spondon\\digital\\vendor\\laravel\\framework\\src\\Illuminate\\Foundation\\Console\\Kernel.php(310): Illuminate\\Foundation\\Application->bootstrapWith(Array)
#3 H:\\Server\\laragon\\www\\spondon\\digital\\vendor\\laravel\\framework\\src\\Illuminate\\Foundation\\Console\\Kernel.php(127): Illuminate\\Foundation\\Console\\Kernel->bootstrap()
#4 H:\\Server\\laragon\\www\\spondon\\digital\\artisan(37): Illuminate\\Foundation\\Console\\Kernel->handle(Object(Symfony\\Component\\Console\\Input\\ArgvInput), Object(Symfony\\Component\\Console\\Output\\ConsoleOutput))
#5 {main}
"} 
[2020-12-28 11:34:38] laravel.EMERGENCY: Unable to create configured logger. Using emergency logger. {"exception":"[object] (InvalidArgumentException(code: 0): Log [] is not defined. at H:\\Server\\laragon\\www\\spondon\\digital\\vendor\\laravel\\framework\\src\\Illuminate\\Log\\LogManager.php:192)
[stacktrace]
#0 H:\\Server\\laragon\\www\\spondon\\digital\\vendor\\laravel\\framework\\src\\Illuminate\\Log\\LogManager.php(118): Illuminate\\Log\\LogManager->resolve(NULL)
#1 H:\\Server\\laragon\\www\\spondon\\digital\\vendor\\laravel\\framework\\src\\Illuminate\\Log\\LogManager.php(98): Illuminate\\Log\\LogManager->get(NULL)
#2 H:\\Server\\laragon\\www\\spondon\\digital\\vendor\\laravel\\framework\\src\\Illuminate\\Log\\LogManager.php(547): Illuminate\\Log\\LogManager->driver()
#3 H:\\Server\\laragon\\www\\spondon\\digital\\vendor\\laravel\\framework\\src\\Illuminate\\Foundation\\Exceptions\\Handler.php(238): Illuminate\\Log\\LogManager->error('syntax error, u...', Array)
#4 H:\\Server\\laragon\\www\\spondon\\digital\\app\\Exceptions\\Handler.php(38): Illuminate\\Foundation\\Exceptions\\Handler->report(Object(ParseError))
#5 H:\\Server\\laragon\\www\\spondon\\digital\\vendor\\laravel\\framework\\src\\Illuminate\\Foundation\\Console\\Kernel.php(366): App\\Exceptions\\Handler->report(Object(ParseError))
#6 H:\\Server\\laragon\\www\\spondon\\digital\\vendor\\laravel\\framework\\src\\Illuminate\\Foundation\\Console\\Kernel.php(131): Illuminate\\Foundation\\Console\\Kernel->reportException(Object(ParseError))
#7 H:\\Server\\laragon\\www\\spondon\\digital\\artisan(37): Illuminate\\Foundation\\Console\\Kernel->handle(Object(Symfony\\Component\\Console\\Input\\ArgvInput), Object(Symfony\\Component\\Console\\Output\\ConsoleOutput))
#8 {main}
"} 
[2020-12-28 11:34:38] laravel.ERROR: syntax error, unexpected 'Barryvdh' (T_STRING), expecting ']' {"exception":"[object] (ParseError(code: 0): syntax error, unexpected 'Barryvdh' (T_STRING), expecting ']' at H:\\Server\\laragon\\www\\spondon\\digital\\config\\app.php:181)
[stacktrace]
#0 H:\\Server\\laragon\\www\\spondon\\digital\\vendor\\laravel\\framework\\src\\Illuminate\\Foundation\\Bootstrap\\LoadConfiguration.php(39): Illuminate\\Foundation\\Bootstrap\\LoadConfiguration->loadConfigurationFiles(Object(Illuminate\\Foundation\\Application), Object(Illuminate\\Config\\Repository))
#1 H:\\Server\\laragon\\www\\spondon\\digital\\vendor\\laravel\\framework\\src\\Illuminate\\Foundation\\Application.php(230): Illuminate\\Foundation\\Bootstrap\\LoadConfiguration->bootstrap(Object(Illuminate\\Foundation\\Application))
#2 H:\\Server\\laragon\\www\\spondon\\digital\\vendor\\laravel\\framework\\src\\Illuminate\\Foundation\\Console\\Kernel.php(310): Illuminate\\Foundation\\Application->bootstrapWith(Array)
#3 H:\\Server\\laragon\\www\\spondon\\digital\\vendor\\laravel\\framework\\src\\Illuminate\\Foundation\\Console\\Kernel.php(127): Illuminate\\Foundation\\Console\\Kernel->bootstrap()
#4 H:\\Server\\laragon\\www\\spondon\\digital\\artisan(37): Illuminate\\Foundation\\Console\\Kernel->handle(Object(Symfony\\Component\\Console\\Input\\ArgvInput), Object(Symfony\\Component\\Console\\Output\\ConsoleOutput))
#5 {main}
"} 
[2020-12-28 11:42:46] laravel.EMERGENCY: Unable to create configured logger. Using emergency logger. {"exception":"[object] (InvalidArgumentException(code: 0): Log [] is not defined. at H:\\Server\\laragon\\www\\spondon\\digital\\vendor\\laravel\\framework\\src\\Illuminate\\Log\\LogManager.php:192)
[stacktrace]
#0 H:\\Server\\laragon\\www\\spondon\\digital\\vendor\\laravel\\framework\\src\\Illuminate\\Log\\LogManager.php(118): Illuminate\\Log\\LogManager->resolve(NULL)
#1 H:\\Server\\laragon\\www\\spondon\\digital\\vendor\\laravel\\framework\\src\\Illuminate\\Log\\LogManager.php(98): Illuminate\\Log\\LogManager->get(NULL)
#2 H:\\Server\\laragon\\www\\spondon\\digital\\vendor\\laravel\\framework\\src\\Illuminate\\Log\\LogManager.php(547): Illuminate\\Log\\LogManager->driver()
#3 H:\\Server\\laragon\\www\\spondon\\digital\\vendor\\laravel\\framework\\src\\Illuminate\\Foundation\\Exceptions\\Handler.php(238): Illuminate\\Log\\LogManager->error('syntax error, u...', Array)
#4 H:\\Server\\laragon\\www\\spondon\\digital\\app\\Exceptions\\Handler.php(38): Illuminate\\Foundation\\Exceptions\\Handler->report(Object(ParseError))
#5 H:\\Server\\laragon\\www\\spondon\\digital\\vendor\\laravel\\framework\\src\\Illuminate\\Foundation\\Console\\Kernel.php(366): App\\Exceptions\\Handler->report(Object(ParseError))
#6 H:\\Server\\laragon\\www\\spondon\\digital\\vendor\\laravel\\framework\\src\\Illuminate\\Foundation\\Console\\Kernel.php(131): Illuminate\\Foundation\\Console\\Kernel->reportException(Object(ParseError))
#7 H:\\Server\\laragon\\www\\spondon\\digital\\artisan(37): Illuminate\\Foundation\\Console\\Kernel->handle(Object(Symfony\\Component\\Console\\Input\\ArgvInput), Object(Symfony\\Component\\Console\\Output\\ConsoleOutput))
#8 {main}
"} 
[2020-12-28 11:42:46] laravel.ERROR: syntax error, unexpected 'Barryvdh' (T_STRING), expecting ']' {"exception":"[object] (ParseError(code: 0): syntax error, unexpected 'Barryvdh' (T_STRING), expecting ']' at H:\\Server\\laragon\\www\\spondon\\digital\\config\\app.php:181)
[stacktrace]
#0 H:\\Server\\laragon\\www\\spondon\\digital\\vendor\\laravel\\framework\\src\\Illuminate\\Foundation\\Bootstrap\\LoadConfiguration.php(39): Illuminate\\Foundation\\Bootstrap\\LoadConfiguration->loadConfigurationFiles(Object(Illuminate\\Foundation\\Application), Object(Illuminate\\Config\\Repository))
#1 H:\\Server\\laragon\\www\\spondon\\digital\\vendor\\laravel\\framework\\src\\Illuminate\\Foundation\\Application.php(230): Illuminate\\Foundation\\Bootstrap\\LoadConfiguration->bootstrap(Object(Illuminate\\Foundation\\Application))
#2 H:\\Server\\laragon\\www\\spondon\\digital\\vendor\\laravel\\framework\\src\\Illuminate\\Foundation\\Console\\Kernel.php(310): Illuminate\\Foundation\\Application->bootstrapWith(Array)
#3 H:\\Server\\laragon\\www\\spondon\\digital\\vendor\\laravel\\framework\\src\\Illuminate\\Foundation\\Console\\Kernel.php(127): Illuminate\\Foundation\\Console\\Kernel->bootstrap()
#4 H:\\Server\\laragon\\www\\spondon\\digital\\artisan(37): Illuminate\\Foundation\\Console\\Kernel->handle(Object(Symfony\\Component\\Console\\Input\\ArgvInput), Object(Symfony\\Component\\Console\\Output\\ConsoleOutput))
#5 {main}
"} 
